<?xml version="1.0" encoding="utf-8"?><testsuites name="pytest tests"><testsuite name="pytest" errors="0" failures="0" skipped="0" tests="7" time="0.725" timestamp="2026-06-13T18:32:22.069490+00:00" hostname="agent-env-098879b5-3823-40e4-a667-5132eeb7b661"><testcase classname="backend.tests.test_portfolio_api.TestHealth" name="test_health_ok" time="0.226" /><testcase classname="backend.tests.test_portfolio_api.TestProfile" name="test_profile_shape" time="0.044" /><testcase classname="backend.tests.test_portfolio_api.TestGithubRepos" name="test_repos_returns_array" time="0.047" /><testcase classname="backend.tests.test_portfolio_api.TestContact" name="test_post_contact_valid_persists" time="0.095" /><testcase classname="backend.tests.test_portfolio_api.TestContact" name="test_post_contact_invalid_email_returns_422" time="0.056" /><testcase classname="backend.tests.test_portfolio_api.TestContact" name="test_post_contact_missing_required_returns_422" time="0.044" /><testcase classname="backend.tests.test_portfolio_api.TestContact" name="test_get_contact_returns_list" time="0.044" /></testsuite></testsuites>